Determining if the pthread_create exist failed with the following output:
Change Dir: /home/jakrabbid/RBE-3002-Lab-4/workspace/build/CMakeFiles/CMakeTmp

Run Build Command:/usr/bin/make "cmTryCompileExec1938298158/fast"
/usr/bin/make -f CMakeFiles/cmTryCompileExec1938298158.dir/build.make CMakeFiles/cmTryCompileExec1938298158.dir/build
make[1]: Entering directory `/home/jakrabbid/RBE-3002-Lab-4/workspace/build/CMakeFiles/CMakeTmp'
/usr/bin/cmake -E cmake_progress_report /home/jakrabbid/RBE-3002-Lab-4/workspace/build/CMakeFiles/CMakeTmp/CMakeFiles 1
Building C object CMakeFiles/cmTryCompileExec1938298158.dir/CheckSymbolExists.c.o
/usr/bin/cc    -o CMakeFiles/cmTryCompileExec1938298158.dir/CheckSymbolExists.c.o   -c /home/jakrabbid/RBE-3002-Lab-4/workspace/build/CMakeFiles/CMakeTmp/CheckSymbolExists.c
Linking C executable cmTryCompileExec1938298158
/usr/bin/cmake -E cmake_link_script CMakeFiles/cmTryCompileExec1938298158.dir/link.txt --verbose=1
/usr/bin/cc       CMakeFiles/cmTryCompileExec1938298158.dir/CheckSymbolExists.c.o  -o cmTryCompileExec1938298158 -rdynamic 
CMakeFiles/cmTryCompileExec1938298158.dir/CheckSymbolExists.c.o: In function `main':
CheckSymbolExists.c:(.text+0x16): undefined reference to `pthread_create'
collect2: error: ld returned 1 exit status
make[1]: *** [cmTryCompileExec1938298158] Error 1
make[1]: Leaving directory `/home/jakrabbid/RBE-3002-Lab-4/workspace/build/CMakeFiles/CMakeTmp'
make: *** [cmTryCompileExec1938298158/fast] Error 2

File /home/jakrabbid/RBE-3002-Lab-4/workspace/build/CMakeFiles/CMakeTmp/CheckSymbolExists.c:
/* */
#include <pthread.h>

int main(int argc, char** argv)
{
  (void)argv;
#ifndef pthread_create
  return ((int*)(&pthread_create))[argc];
#else
  (void)argc;
  return 0;
#endif
}

Determining if the function pthread_create exists in the pthreads failed with the following output:
Change Dir: /home/jakrabbid/RBE-3002-Lab-4/workspace/build/CMakeFiles/CMakeTmp

Run Build Command:/usr/bin/make "cmTryCompileExec863837358/fast"
/usr/bin/make -f CMakeFiles/cmTryCompileExec863837358.dir/build.make CMakeFiles/cmTryCompileExec863837358.dir/build
make[1]: Entering directory `/home/jakrabbid/RBE-3002-Lab-4/workspace/build/CMakeFiles/CMakeTmp'
/usr/bin/cmake -E cmake_progress_report /home/jakrabbid/RBE-3002-Lab-4/workspace/build/CMakeFiles/CMakeTmp/CMakeFiles 1
Building C object CMakeFiles/cmTryCompileExec863837358.dir/CheckFunctionExists.c.o
/usr/bin/cc   -DCHECK_FUNCTION_EXISTS=pthread_create   -o CMakeFiles/cmTryCompileExec863837358.dir/CheckFunctionExists.c.o   -c /usr/share/cmake-2.8/Modules/CheckFunctionExists.c
Linking C executable cmTryCompileExec863837358
/usr/bin/cmake -E cmake_link_script CMakeFiles/cmTryCompileExec863837358.dir/link.txt --verbose=1
/usr/bin/cc   -DCHECK_FUNCTION_EXISTS=pthread_create    CMakeFiles/cmTryCompileExec863837358.dir/CheckFunctionExists.c.o  -o cmTryCompileExec863837358 -rdynamic -lpthreads 
/usr/bin/ld: cannot find -lpthreads
collect2: error: ld returned 1 exit status
make[1]: *** [cmTryCompileExec863837358] Error 1
make[1]: Leaving directory `/home/jakrabbid/RBE-3002-Lab-4/workspace/build/CMakeFiles/CMakeTmp'
make: *** [cmTryCompileExec863837358/fast] Error 2


